<?xml version="1.0" encoding="UTF-8"?>
<!-- Generated by org.testng.reporters.JUnitReportReporter -->
<testsuite skipped="0" hostname="UY-IT01203" name="runner.runner" tests="6" failures="0" timestamp="2022-05-11T18:03:47 UYT" time="97.446" errors="0">
  <testcase name="runScenario" time="16.360" classname="runner.runner"/>
  <system-out/>
  <testcase name="runScenario" time="25.542" classname="runner.runner"/>
  <system-out/>
  <testcase name="runScenario" time="21.411" classname="runner.runner"/>
  <system-out/>
  <testcase name="runScenario" time="9.248" classname="runner.runner"/>
  <system-out/>
  <testcase name="runScenario" time="9.666" classname="runner.runner"/>
  <system-out/>
  <testcase name="runScenario" time="15.219" classname="runner.runner"/>
  <system-out/>
</testsuite> <!-- runner.runner -->
